CRITICAL - 2023-09-28 05:43:07 --> Undefined property: App\Controllers\AdminController::$product
in APPPATH\Controllers\AdminController.php on line 12.
 1 APPPATH\Controllers\AdminController.php(12): CodeIgniter\Debug\Exceptions->errorHandler(2, 'Undefined property: App\\Controllers\\AdminController::$product', 'C:\\laragon\\www\\Laboratory3\\app\\Controllers\\AdminController.php', 12)
 2 SYSTEMPATH\CodeIgniter.php(919): App\Controllers\AdminController->admin()
 3 SYSTEMPATH\CodeIgniter.php(494): CodeIgniter\CodeIgniter->runController(Object(App\Controllers\AdminController))
 4 SYSTEMPATH\CodeIgniter.php(353): CodeIgniter\CodeIgniter->handleRequest(null, Object(Config\Cache), false)
 5 FCPATH\index.php(79): CodeIgniter\CodeIgniter->run()
 6 SYSTEMPATH\Commands\Server\rewrite.php(47): require_once('C:\\laragon\\www\\Laboratory3\\public\\index.php')
CRITICAL - 2023-09-28 06:19:27 --> "match" is not a valid rule.
in SYSTEMPATH\Validation\Validation.php on line 317.
 1 SYSTEMPATH\Validation\Validation.php(317): CodeIgniter\Validation\Exceptions\ValidationException::forRuleNotFound('match')
 2 SYSTEMPATH\Validation\Validation.php(195): CodeIgniter\Validation\Validation->processRules('confirmpassword', 'confirmpassword', null, [...], [...])
 3 SYSTEMPATH\Controller.php(150): CodeIgniter\Validation\Validation->run()
 4 APPPATH\Controllers\UserController.php(17): CodeIgniter\Controller->validate([...])
 5 SYSTEMPATH\CodeIgniter.php(919): App\Controllers\UserController->register()
 6 SYSTEMPATH\CodeIgniter.php(494): CodeIgniter\CodeIgniter->runController(Object(App\Controllers\UserController))
 7 SYSTEMPATH\CodeIgniter.php(353): CodeIgniter\CodeIgniter->handleRequest(null, Object(Config\Cache), false)
 8 FCPATH\index.php(79): CodeIgniter\CodeIgniter->run()
 9 SYSTEMPATH\Commands\Server\rewrite.php(47): require_once('C:\\laragon\\www\\Laboratory3\\public\\index.php')
CRITICAL - 2023-09-28 06:19:45 --> "match" is not a valid rule.
in SYSTEMPATH\Validation\Validation.php on line 317.
 1 SYSTEMPATH\Validation\Validation.php(317): CodeIgniter\Validation\Exceptions\ValidationException::forRuleNotFound('match')
 2 SYSTEMPATH\Validation\Validation.php(195): CodeIgniter\Validation\Validation->processRules('confirmpassword', 'confirmpassword', null, [...], [...])
 3 SYSTEMPATH\Controller.php(150): CodeIgniter\Validation\Validation->run()
 4 APPPATH\Controllers\UserController.php(17): CodeIgniter\Controller->validate([...])
 5 SYSTEMPATH\CodeIgniter.php(919): App\Controllers\UserController->register()
 6 SYSTEMPATH\CodeIgniter.php(494): CodeIgniter\CodeIgniter->runController(Object(App\Controllers\UserController))
 7 SYSTEMPATH\CodeIgniter.php(353): CodeIgniter\CodeIgniter->handleRequest(null, Object(Config\Cache), false)
 8 FCPATH\index.php(79): CodeIgniter\CodeIgniter->run()
 9 SYSTEMPATH\Commands\Server\rewrite.php(47): require_once('C:\\laragon\\www\\Laboratory3\\public\\index.php')
CRITICAL - 2023-09-28 06:21:35 --> "match" is not a valid rule.
in SYSTEMPATH\Validation\Validation.php on line 317.
 1 SYSTEMPATH\Validation\Validation.php(317): CodeIgniter\Validation\Exceptions\ValidationException::forRuleNotFound('match')
 2 SYSTEMPATH\Validation\Validation.php(195): CodeIgniter\Validation\Validation->processRules('confirmpassword', 'confirmpassword', null, [...], [...])
 3 SYSTEMPATH\Controller.php(150): CodeIgniter\Validation\Validation->run()
 4 APPPATH\Controllers\UserController.php(17): CodeIgniter\Controller->validate([...])
 5 SYSTEMPATH\CodeIgniter.php(919): App\Controllers\UserController->register()
 6 SYSTEMPATH\CodeIgniter.php(494): CodeIgniter\CodeIgniter->runController(Object(App\Controllers\UserController))
 7 SYSTEMPATH\CodeIgniter.php(353): CodeIgniter\CodeIgniter->handleRequest(null, Object(Config\Cache), false)
 8 FCPATH\index.php(79): CodeIgniter\CodeIgniter->run()
 9 SYSTEMPATH\Commands\Server\rewrite.php(47): require_once('C:\\laragon\\www\\Laboratory3\\public\\index.php')
CRITICAL - 2023-09-28 06:25:36 --> Class "App\Filters\AuthGuard" not found
in SYSTEMPATH\Filters\Filters.php on line 173.
 1 SYSTEMPATH\CodeIgniter.php(466): CodeIgniter\Filters\Filters->run('signup', 'before')
 2 SYSTEMPATH\CodeIgniter.php(353): CodeIgniter\CodeIgniter->handleRequest(null, Object(Config\Cache), false)
 3 FCPATH\index.php(79): CodeIgniter\CodeIgniter->run()
 4 SYSTEMPATH\Commands\Server\rewrite.php(47): require_once('C:\\laragon\\www\\Laboratory3\\public\\index.php')
CRITICAL - 2023-09-28 06:29:50 --> "match" is not a valid rule.
in SYSTEMPATH\Validation\Validation.php on line 317.
 1 SYSTEMPATH\Validation\Validation.php(317): CodeIgniter\Validation\Exceptions\ValidationException::forRuleNotFound('match')
 2 SYSTEMPATH\Validation\Validation.php(195): CodeIgniter\Validation\Validation->processRules('confirmpassword', 'confirmpassword', null, [...], [...])
 3 SYSTEMPATH\Controller.php(150): CodeIgniter\Validation\Validation->run()
 4 APPPATH\Controllers\UserController.php(17): CodeIgniter\Controller->validate([...])
 5 SYSTEMPATH\CodeIgniter.php(919): App\Controllers\UserController->register()
 6 SYSTEMPATH\CodeIgniter.php(494): CodeIgniter\CodeIgniter->runController(Object(App\Controllers\UserController))
 7 SYSTEMPATH\CodeIgniter.php(353): CodeIgniter\CodeIgniter->handleRequest(null, Object(Config\Cache), false)
 8 FCPATH\index.php(79): CodeIgniter\CodeIgniter->run()
 9 SYSTEMPATH\Commands\Server\rewrite.php(47): require_once('C:\\laragon\\www\\Laboratory3\\public\\index.php')
CRITICAL - 2023-09-28 06:30:39 --> "AuthGuard" filter must have a matching alias defined.
in SYSTEMPATH\Filters\Filters.php on line 350.
 1 SYSTEMPATH\Filters\Filters.php(350): CodeIgniter\Filters\Exceptions\FilterException::forNoAlias('AuthGuard')
 2 SYSTEMPATH\CodeIgniter.php(459): CodeIgniter\Filters\Filters->enableFilter('AuthGuard', 'before')
 3 SYSTEMPATH\CodeIgniter.php(353): CodeIgniter\CodeIgniter->handleRequest(null, Object(Config\Cache), false)
 4 FCPATH\index.php(79): CodeIgniter\CodeIgniter->run()
 5 SYSTEMPATH\Commands\Server\rewrite.php(47): require_once('C:\\laragon\\www\\Laboratory3\\public\\index.php')
CRITICAL - 2023-09-28 06:31:35 --> "AuthGuard" filter must have a matching alias defined.
in SYSTEMPATH\Filters\Filters.php on line 350.
 1 SYSTEMPATH\Filters\Filters.php(350): CodeIgniter\Filters\Exceptions\FilterException::forNoAlias('AuthGuard')
 2 SYSTEMPATH\CodeIgniter.php(459): CodeIgniter\Filters\Filters->enableFilter('AuthGuard', 'before')
 3 SYSTEMPATH\CodeIgniter.php(353): CodeIgniter\CodeIgniter->handleRequest(null, Object(Config\Cache), false)
 4 FCPATH\index.php(79): CodeIgniter\CodeIgniter->run()
 5 SYSTEMPATH\Commands\Server\rewrite.php(47): require_once('C:\\laragon\\www\\Laboratory3\\public\\index.php')
CRITICAL - 2023-09-28 06:31:37 --> "AuthGuard" filter must have a matching alias defined.
in SYSTEMPATH\Filters\Filters.php on line 350.
 1 SYSTEMPATH\Filters\Filters.php(350): CodeIgniter\Filters\Exceptions\FilterException::forNoAlias('AuthGuard')
 2 SYSTEMPATH\CodeIgniter.php(459): CodeIgniter\Filters\Filters->enableFilter('AuthGuard', 'before')
 3 SYSTEMPATH\CodeIgniter.php(353): CodeIgniter\CodeIgniter->handleRequest(null, Object(Config\Cache), false)
 4 FCPATH\index.php(79): CodeIgniter\CodeIgniter->run()
 5 SYSTEMPATH\Commands\Server\rewrite.php(47): require_once('C:\\laragon\\www\\Laboratory3\\public\\index.php')
CRITICAL - 2023-09-28 06:31:37 --> "AuthGuard" filter must have a matching alias defined.
in SYSTEMPATH\Filters\Filters.php on line 350.
 1 SYSTEMPATH\Filters\Filters.php(350): CodeIgniter\Filters\Exceptions\FilterException::forNoAlias('AuthGuard')
 2 SYSTEMPATH\CodeIgniter.php(459): CodeIgniter\Filters\Filters->enableFilter('AuthGuard', 'before')
 3 SYSTEMPATH\CodeIgniter.php(353): CodeIgniter\CodeIgniter->handleRequest(null, Object(Config\Cache), false)
 4 FCPATH\index.php(79): CodeIgniter\CodeIgniter->run()
 5 SYSTEMPATH\Commands\Server\rewrite.php(47): require_once('C:\\laragon\\www\\Laboratory3\\public\\index.php')
CRITICAL - 2023-09-28 06:31:37 --> "AuthGuard" filter must have a matching alias defined.
in SYSTEMPATH\Filters\Filters.php on line 350.
 1 SYSTEMPATH\Filters\Filters.php(350): CodeIgniter\Filters\Exceptions\FilterException::forNoAlias('AuthGuard')
 2 SYSTEMPATH\CodeIgniter.php(459): CodeIgniter\Filters\Filters->enableFilter('AuthGuard', 'before')
 3 SYSTEMPATH\CodeIgniter.php(353): CodeIgniter\CodeIgniter->handleRequest(null, Object(Config\Cache), false)
 4 FCPATH\index.php(79): CodeIgniter\CodeIgniter->run()
 5 SYSTEMPATH\Commands\Server\rewrite.php(47): require_once('C:\\laragon\\www\\Laboratory3\\public\\index.php')
CRITICAL - 2023-09-28 06:31:37 --> "AuthGuard" filter must have a matching alias defined.
in SYSTEMPATH\Filters\Filters.php on line 350.
 1 SYSTEMPATH\Filters\Filters.php(350): CodeIgniter\Filters\Exceptions\FilterException::forNoAlias('AuthGuard')
 2 SYSTEMPATH\CodeIgniter.php(459): CodeIgniter\Filters\Filters->enableFilter('AuthGuard', 'before')
 3 SYSTEMPATH\CodeIgniter.php(353): CodeIgniter\CodeIgniter->handleRequest(null, Object(Config\Cache), false)
 4 FCPATH\index.php(79): CodeIgniter\CodeIgniter->run()
 5 SYSTEMPATH\Commands\Server\rewrite.php(47): require_once('C:\\laragon\\www\\Laboratory3\\public\\index.php')
CRITICAL - 2023-09-28 06:31:39 --> "AuthGuard" filter must have a matching alias defined.
in SYSTEMPATH\Filters\Filters.php on line 350.
 1 SYSTEMPATH\Filters\Filters.php(350): CodeIgniter\Filters\Exceptions\FilterException::forNoAlias('AuthGuard')
 2 SYSTEMPATH\CodeIgniter.php(459): CodeIgniter\Filters\Filters->enableFilter('AuthGuard', 'before')
 3 SYSTEMPATH\CodeIgniter.php(353): CodeIgniter\CodeIgniter->handleRequest(null, Object(Config\Cache), false)
 4 FCPATH\index.php(79): CodeIgniter\CodeIgniter->run()
 5 SYSTEMPATH\Commands\Server\rewrite.php(47): require_once('C:\\laragon\\www\\Laboratory3\\public\\index.php')
CRITICAL - 2023-09-28 06:31:57 --> "match" is not a valid rule.
in SYSTEMPATH\Validation\Validation.php on line 317.
 1 SYSTEMPATH\Validation\Validation.php(317): CodeIgniter\Validation\Exceptions\ValidationException::forRuleNotFound('match')
 2 SYSTEMPATH\Validation\Validation.php(195): CodeIgniter\Validation\Validation->processRules('confirmpassword', 'confirmpassword', null, [...], [...])
 3 SYSTEMPATH\Controller.php(150): CodeIgniter\Validation\Validation->run()
 4 APPPATH\Controllers\UserController.php(17): CodeIgniter\Controller->validate([...])
 5 SYSTEMPATH\CodeIgniter.php(919): App\Controllers\UserController->register()
 6 SYSTEMPATH\CodeIgniter.php(494): CodeIgniter\CodeIgniter->runController(Object(App\Controllers\UserController))
 7 SYSTEMPATH\CodeIgniter.php(353): CodeIgniter\CodeIgniter->handleRequest(null, Object(Config\Cache), false)
 8 FCPATH\index.php(79): CodeIgniter\CodeIgniter->run()
 9 SYSTEMPATH\Commands\Server\rewrite.php(47): require_once('C:\\laragon\\www\\Laboratory3\\public\\index.php')
CRITICAL - 2023-09-28 06:33:18 --> "AuthGuard" filter must have a matching alias defined.
in SYSTEMPATH\Filters\Filters.php on line 350.
 1 SYSTEMPATH\Filters\Filters.php(350): CodeIgniter\Filters\Exceptions\FilterException::forNoAlias('AuthGuard')
 2 SYSTEMPATH\CodeIgniter.php(459): CodeIgniter\Filters\Filters->enableFilter('AuthGuard', 'before')
 3 SYSTEMPATH\CodeIgniter.php(353): CodeIgniter\CodeIgniter->handleRequest(null, Object(Config\Cache), false)
 4 FCPATH\index.php(79): CodeIgniter\CodeIgniter->run()
 5 SYSTEMPATH\Commands\Server\rewrite.php(47): require_once('C:\\laragon\\www\\Laboratory3\\public\\index.php')
CRITICAL - 2023-09-28 10:59:54 --> "AuthGuard" filter must have a matching alias defined.
in SYSTEMPATH\Filters\Filters.php on line 350.
 1 SYSTEMPATH\Filters\Filters.php(350): CodeIgniter\Filters\Exceptions\FilterException::forNoAlias('AuthGuard')
 2 SYSTEMPATH\CodeIgniter.php(459): CodeIgniter\Filters\Filters->enableFilter('AuthGuard', 'before')
 3 SYSTEMPATH\CodeIgniter.php(353): CodeIgniter\CodeIgniter->handleRequest(null, Object(Config\Cache), false)
 4 FCPATH\index.php(79): CodeIgniter\CodeIgniter->run()
 5 SYSTEMPATH\Commands\Server\rewrite.php(47): require_once('C:\\laragon\\www\\Laboratory3\\public\\index.php')
CRITICAL - 2023-09-28 11:19:33 --> Undefined variable $items
in APPPATH\Views\prodFile\proselect.php on line 15.
 1 APPPATH\Views\prodFile\proselect.php(15): CodeIgniter\Debug\Exceptions->errorHandler(2, 'Undefined variable $items', 'C:\\laragon\\www\\Laboratory3\\app\\Views\\prodFile\\proselect.php', 15)
 2 SYSTEMPATH\View\View.php(226): include('C:\\laragon\\www\\Laboratory3\\app\\Views\\prodFile\\proselect.php')
 3 SYSTEMPATH\View\View.php(229): CodeIgniter\View\View->CodeIgniter\View\{closure}()
 4 SYSTEMPATH\Common.php(1188): CodeIgniter\View\View->render('/prodFile/proselect', [], true)
 5 APPPATH\Views\index.php(7): view('/prodFile/proselect')
 6 SYSTEMPATH\View\View.php(226): include('C:\\laragon\\www\\Laboratory3\\app\\Views\\index.php')
 7 SYSTEMPATH\View\View.php(229): CodeIgniter\View\View->CodeIgniter\View\{closure}()
 8 SYSTEMPATH\Common.php(1188): CodeIgniter\View\View->render('index', [], true)
 9 APPPATH\Controllers\ProductController.php(54): view('index')
10 SYSTEMPATH\CodeIgniter.php(919): App\Controllers\ProductController->login()
11 SYSTEMPATH\CodeIgniter.php(494): CodeIgniter\CodeIgniter->runController(Object(App\Controllers\ProductController))
12 SYSTEMPATH\CodeIgniter.php(353): CodeIgniter\CodeIgniter->handleRequest(null, Object(Config\Cache), false)
13 FCPATH\index.php(79): CodeIgniter\CodeIgniter->run()
14 SYSTEMPATH\Commands\Server\rewrite.php(47): require_once('C:\\laragon\\www\\Laboratory3\\public\\index.php')
CRITICAL - 2023-09-28 11:19:35 --> Undefined variable $items
in APPPATH\Views\prodFile\proselect.php on line 15.
 1 APPPATH\Views\prodFile\proselect.php(15): CodeIgniter\Debug\Exceptions->errorHandler(2, 'Undefined variable $items', 'C:\\laragon\\www\\Laboratory3\\app\\Views\\prodFile\\proselect.php', 15)
 2 SYSTEMPATH\View\View.php(226): include('C:\\laragon\\www\\Laboratory3\\app\\Views\\prodFile\\proselect.php')
 3 SYSTEMPATH\View\View.php(229): CodeIgniter\View\View->CodeIgniter\View\{closure}()
 4 SYSTEMPATH\Common.php(1188): CodeIgniter\View\View->render('/prodFile/proselect', [], true)
 5 APPPATH\Views\index.php(7): view('/prodFile/proselect')
 6 SYSTEMPATH\View\View.php(226): include('C:\\laragon\\www\\Laboratory3\\app\\Views\\index.php')
 7 SYSTEMPATH\View\View.php(229): CodeIgniter\View\View->CodeIgniter\View\{closure}()
 8 SYSTEMPATH\Common.php(1188): CodeIgniter\View\View->render('index', [], true)
 9 APPPATH\Controllers\ProductController.php(54): view('index')
10 SYSTEMPATH\CodeIgniter.php(919): App\Controllers\ProductController->login()
11 SYSTEMPATH\CodeIgniter.php(494): CodeIgniter\CodeIgniter->runController(Object(App\Controllers\ProductController))
12 SYSTEMPATH\CodeIgniter.php(353): CodeIgniter\CodeIgniter->handleRequest(null, Object(Config\Cache), false)
13 FCPATH\index.php(79): CodeIgniter\CodeIgniter->run()
14 SYSTEMPATH\Commands\Server\rewrite.php(47): require_once('C:\\laragon\\www\\Laboratory3\\public\\index.php')
CRITICAL - 2023-09-28 11:19:55 --> Undefined variable $items
in APPPATH\Views\prodFile\proselect.php on line 15.
 1 APPPATH\Views\prodFile\proselect.php(15): CodeIgniter\Debug\Exceptions->errorHandler(2, 'Undefined variable $items', 'C:\\laragon\\www\\Laboratory3\\app\\Views\\prodFile\\proselect.php', 15)
 2 SYSTEMPATH\View\View.php(226): include('C:\\laragon\\www\\Laboratory3\\app\\Views\\prodFile\\proselect.php')
 3 SYSTEMPATH\View\View.php(229): CodeIgniter\View\View->CodeIgniter\View\{closure}()
 4 SYSTEMPATH\Common.php(1188): CodeIgniter\View\View->render('/prodFile/proselect', [], true)
 5 APPPATH\Views\index.php(7): view('/prodFile/proselect')
 6 SYSTEMPATH\View\View.php(226): include('C:\\laragon\\www\\Laboratory3\\app\\Views\\index.php')
 7 SYSTEMPATH\View\View.php(229): CodeIgniter\View\View->CodeIgniter\View\{closure}()
 8 SYSTEMPATH\Common.php(1188): CodeIgniter\View\View->render('index', [], true)
 9 APPPATH\Controllers\ProductController.php(54): view('index')
10 SYSTEMPATH\CodeIgniter.php(919): App\Controllers\ProductController->login()
11 SYSTEMPATH\CodeIgniter.php(494): CodeIgniter\CodeIgniter->runController(Object(App\Controllers\ProductController))
12 SYSTEMPATH\CodeIgniter.php(353): CodeIgniter\CodeIgniter->handleRequest(null, Object(Config\Cache), false)
13 FCPATH\index.php(79): CodeIgniter\CodeIgniter->run()
14 SYSTEMPATH\Commands\Server\rewrite.php(47): require_once('C:\\laragon\\www\\Laboratory3\\public\\index.php')
CRITICAL - 2023-09-28 11:19:57 --> Undefined variable $items
in APPPATH\Views\prodFile\proselect.php on line 15.
 1 APPPATH\Views\prodFile\proselect.php(15): CodeIgniter\Debug\Exceptions->errorHandler(2, 'Undefined variable $items', 'C:\\laragon\\www\\Laboratory3\\app\\Views\\prodFile\\proselect.php', 15)
 2 SYSTEMPATH\View\View.php(226): include('C:\\laragon\\www\\Laboratory3\\app\\Views\\prodFile\\proselect.php')
 3 SYSTEMPATH\View\View.php(229): CodeIgniter\View\View->CodeIgniter\View\{closure}()
 4 SYSTEMPATH\Common.php(1188): CodeIgniter\View\View->render('/prodFile/proselect', [], true)
 5 APPPATH\Views\index.php(7): view('/prodFile/proselect')
 6 SYSTEMPATH\View\View.php(226): include('C:\\laragon\\www\\Laboratory3\\app\\Views\\index.php')
 7 SYSTEMPATH\View\View.php(229): CodeIgniter\View\View->CodeIgniter\View\{closure}()
 8 SYSTEMPATH\Common.php(1188): CodeIgniter\View\View->render('index', [], true)
 9 APPPATH\Controllers\ProductController.php(54): view('index')
10 SYSTEMPATH\CodeIgniter.php(919): App\Controllers\ProductController->login()
11 SYSTEMPATH\CodeIgniter.php(494): CodeIgniter\CodeIgniter->runController(Object(App\Controllers\ProductController))
12 SYSTEMPATH\CodeIgniter.php(353): CodeIgniter\CodeIgniter->handleRequest(null, Object(Config\Cache), false)
13 FCPATH\index.php(79): CodeIgniter\CodeIgniter->run()
14 SYSTEMPATH\Commands\Server\rewrite.php(47): require_once('C:\\laragon\\www\\Laboratory3\\public\\index.php')
CRITICAL - 2023-09-28 11:20:07 --> Undefined variable $items
in APPPATH\Views\prodFile\proselect.php on line 15.
 1 APPPATH\Views\prodFile\proselect.php(15): CodeIgniter\Debug\Exceptions->errorHandler(2, 'Undefined variable $items', 'C:\\laragon\\www\\Laboratory3\\app\\Views\\prodFile\\proselect.php', 15)
 2 SYSTEMPATH\View\View.php(226): include('C:\\laragon\\www\\Laboratory3\\app\\Views\\prodFile\\proselect.php')
 3 SYSTEMPATH\View\View.php(229): CodeIgniter\View\View->CodeIgniter\View\{closure}()
 4 SYSTEMPATH\Common.php(1188): CodeIgniter\View\View->render('/prodFile/proselect', [], true)
 5 APPPATH\Views\index.php(7): view('/prodFile/proselect')
 6 SYSTEMPATH\View\View.php(226): include('C:\\laragon\\www\\Laboratory3\\app\\Views\\index.php')
 7 SYSTEMPATH\View\View.php(229): CodeIgniter\View\View->CodeIgniter\View\{closure}()
 8 SYSTEMPATH\Common.php(1188): CodeIgniter\View\View->render('index', [], true)
 9 APPPATH\Controllers\ProductController.php(54): view('index')
10 SYSTEMPATH\CodeIgniter.php(919): App\Controllers\ProductController->login()
11 SYSTEMPATH\CodeIgniter.php(494): CodeIgniter\CodeIgniter->runController(Object(App\Controllers\ProductController))
12 SYSTEMPATH\CodeIgniter.php(353): CodeIgniter\CodeIgniter->handleRequest(null, Object(Config\Cache), false)
13 FCPATH\index.php(79): CodeIgniter\CodeIgniter->run()
14 SYSTEMPATH\Commands\Server\rewrite.php(47): require_once('C:\\laragon\\www\\Laboratory3\\public\\index.php')
CRITICAL - 2023-09-28 11:20:16 --> Undefined variable $items
in APPPATH\Views\prodFile\proselect.php on line 15.
 1 APPPATH\Views\prodFile\proselect.php(15): CodeIgniter\Debug\Exceptions->errorHandler(2, 'Undefined variable $items', 'C:\\laragon\\www\\Laboratory3\\app\\Views\\prodFile\\proselect.php', 15)
 2 SYSTEMPATH\View\View.php(226): include('C:\\laragon\\www\\Laboratory3\\app\\Views\\prodFile\\proselect.php')
 3 SYSTEMPATH\View\View.php(229): CodeIgniter\View\View->CodeIgniter\View\{closure}()
 4 SYSTEMPATH\Common.php(1188): CodeIgniter\View\View->render('/prodFile/proselect', [], true)
 5 APPPATH\Views\index.php(7): view('/prodFile/proselect')
 6 SYSTEMPATH\View\View.php(226): include('C:\\laragon\\www\\Laboratory3\\app\\Views\\index.php')
 7 SYSTEMPATH\View\View.php(229): CodeIgniter\View\View->CodeIgniter\View\{closure}()
 8 SYSTEMPATH\Common.php(1188): CodeIgniter\View\View->render('index', [], true)
 9 APPPATH\Controllers\ProductController.php(54): view('index')
10 SYSTEMPATH\CodeIgniter.php(919): App\Controllers\ProductController->login()
11 SYSTEMPATH\CodeIgniter.php(494): CodeIgniter\CodeIgniter->runController(Object(App\Controllers\ProductController))
12 SYSTEMPATH\CodeIgniter.php(353): CodeIgniter\CodeIgniter->handleRequest(null, Object(Config\Cache), false)
13 FCPATH\index.php(79): CodeIgniter\CodeIgniter->run()
14 SYSTEMPATH\Commands\Server\rewrite.php(47): require_once('C:\\laragon\\www\\Laboratory3\\public\\index.php')
CRITICAL - 2023-09-28 11:20:19 --> Undefined variable $items
in APPPATH\Views\prodFile\proselect.php on line 15.
 1 APPPATH\Views\prodFile\proselect.php(15): CodeIgniter\Debug\Exceptions->errorHandler(2, 'Undefined variable $items', 'C:\\laragon\\www\\Laboratory3\\app\\Views\\prodFile\\proselect.php', 15)
 2 SYSTEMPATH\View\View.php(226): include('C:\\laragon\\www\\Laboratory3\\app\\Views\\prodFile\\proselect.php')
 3 SYSTEMPATH\View\View.php(229): CodeIgniter\View\View->CodeIgniter\View\{closure}()
 4 SYSTEMPATH\Common.php(1188): CodeIgniter\View\View->render('/prodFile/proselect', [], true)
 5 APPPATH\Views\index.php(7): view('/prodFile/proselect')
 6 SYSTEMPATH\View\View.php(226): include('C:\\laragon\\www\\Laboratory3\\app\\Views\\index.php')
 7 SYSTEMPATH\View\View.php(229): CodeIgniter\View\View->CodeIgniter\View\{closure}()
 8 SYSTEMPATH\Common.php(1188): CodeIgniter\View\View->render('index', [], true)
 9 APPPATH\Controllers\ProductController.php(54): view('index')
10 SYSTEMPATH\CodeIgniter.php(919): App\Controllers\ProductController->login()
11 SYSTEMPATH\CodeIgniter.php(494): CodeIgniter\CodeIgniter->runController(Object(App\Controllers\ProductController))
12 SYSTEMPATH\CodeIgniter.php(353): CodeIgniter\CodeIgniter->handleRequest(null, Object(Config\Cache), false)
13 FCPATH\index.php(79): CodeIgniter\CodeIgniter->run()
14 SYSTEMPATH\Commands\Server\rewrite.php(47): require_once('C:\\laragon\\www\\Laboratory3\\public\\index.php')
CRITICAL - 2023-09-28 11:20:38 --> Undefined variable $items
in APPPATH\Views\prodFile\proselect.php on line 15.
 1 APPPATH\Views\prodFile\proselect.php(15): CodeIgniter\Debug\Exceptions->errorHandler(2, 'Undefined variable $items', 'C:\\laragon\\www\\Laboratory3\\app\\Views\\prodFile\\proselect.php', 15)
 2 SYSTEMPATH\View\View.php(226): include('C:\\laragon\\www\\Laboratory3\\app\\Views\\prodFile\\proselect.php')
 3 SYSTEMPATH\View\View.php(229): CodeIgniter\View\View->CodeIgniter\View\{closure}()
 4 SYSTEMPATH\Common.php(1188): CodeIgniter\View\View->render('/prodFile/proselect', [], true)
 5 APPPATH\Views\index.php(7): view('/prodFile/proselect')
 6 SYSTEMPATH\View\View.php(226): include('C:\\laragon\\www\\Laboratory3\\app\\Views\\index.php')
 7 SYSTEMPATH\View\View.php(229): CodeIgniter\View\View->CodeIgniter\View\{closure}()
 8 SYSTEMPATH\Common.php(1188): CodeIgniter\View\View->render('index', [], true)
 9 APPPATH\Controllers\ProductController.php(54): view('index')
10 SYSTEMPATH\CodeIgniter.php(919): App\Controllers\ProductController->login()
11 SYSTEMPATH\CodeIgniter.php(494): CodeIgniter\CodeIgniter->runController(Object(App\Controllers\ProductController))
12 SYSTEMPATH\CodeIgniter.php(353): CodeIgniter\CodeIgniter->handleRequest(null, Object(Config\Cache), false)
13 FCPATH\index.php(79): CodeIgniter\CodeIgniter->run()
14 SYSTEMPATH\Commands\Server\rewrite.php(47): require_once('C:\\laragon\\www\\Laboratory3\\public\\index.php')
CRITICAL - 2023-09-28 11:20:51 --> Undefined variable $items
in APPPATH\Views\prodFile\proselect.php on line 15.
 1 APPPATH\Views\prodFile\proselect.php(15): CodeIgniter\Debug\Exceptions->errorHandler(2, 'Undefined variable $items', 'C:\\laragon\\www\\Laboratory3\\app\\Views\\prodFile\\proselect.php', 15)
 2 SYSTEMPATH\View\View.php(226): include('C:\\laragon\\www\\Laboratory3\\app\\Views\\prodFile\\proselect.php')
 3 SYSTEMPATH\View\View.php(229): CodeIgniter\View\View->CodeIgniter\View\{closure}()
 4 SYSTEMPATH\Common.php(1188): CodeIgniter\View\View->render('/prodFile/proselect', [], true)
 5 APPPATH\Views\index.php(7): view('/prodFile/proselect')
 6 SYSTEMPATH\View\View.php(226): include('C:\\laragon\\www\\Laboratory3\\app\\Views\\index.php')
 7 SYSTEMPATH\View\View.php(229): CodeIgniter\View\View->CodeIgniter\View\{closure}()
 8 SYSTEMPATH\Common.php(1188): CodeIgniter\View\View->render('index', [], true)
 9 APPPATH\Controllers\ProductController.php(54): view('index')
10 SYSTEMPATH\CodeIgniter.php(919): App\Controllers\ProductController->login()
11 SYSTEMPATH\CodeIgniter.php(494): CodeIgniter\CodeIgniter->runController(Object(App\Controllers\ProductController))
12 SYSTEMPATH\CodeIgniter.php(353): CodeIgniter\CodeIgniter->handleRequest(null, Object(Config\Cache), false)
13 FCPATH\index.php(79): CodeIgniter\CodeIgniter->run()
14 SYSTEMPATH\Commands\Server\rewrite.php(47): require_once('C:\\laragon\\www\\Laboratory3\\public\\index.php')
CRITICAL - 2023-09-28 11:20:52 --> Undefined variable $items
in APPPATH\Views\prodFile\proselect.php on line 15.
 1 APPPATH\Views\prodFile\proselect.php(15): CodeIgniter\Debug\Exceptions->errorHandler(2, 'Undefined variable $items', 'C:\\laragon\\www\\Laboratory3\\app\\Views\\prodFile\\proselect.php', 15)
 2 SYSTEMPATH\View\View.php(226): include('C:\\laragon\\www\\Laboratory3\\app\\Views\\prodFile\\proselect.php')
 3 SYSTEMPATH\View\View.php(229): CodeIgniter\View\View->CodeIgniter\View\{closure}()
 4 SYSTEMPATH\Common.php(1188): CodeIgniter\View\View->render('/prodFile/proselect', [], true)
 5 APPPATH\Views\index.php(7): view('/prodFile/proselect')
 6 SYSTEMPATH\View\View.php(226): include('C:\\laragon\\www\\Laboratory3\\app\\Views\\index.php')
 7 SYSTEMPATH\View\View.php(229): CodeIgniter\View\View->CodeIgniter\View\{closure}()
 8 SYSTEMPATH\Common.php(1188): CodeIgniter\View\View->render('index', [], true)
 9 APPPATH\Controllers\ProductController.php(54): view('index')
10 SYSTEMPATH\CodeIgniter.php(919): App\Controllers\ProductController->login()
11 SYSTEMPATH\CodeIgniter.php(494): CodeIgniter\CodeIgniter->runController(Object(App\Controllers\ProductController))
12 SYSTEMPATH\CodeIgniter.php(353): CodeIgniter\CodeIgniter->handleRequest(null, Object(Config\Cache), false)
13 FCPATH\index.php(79): CodeIgniter\CodeIgniter->run()
14 SYSTEMPATH\Commands\Server\rewrite.php(47): require_once('C:\\laragon\\www\\Laboratory3\\public\\index.php')
CRITICAL - 2023-09-28 11:20:52 --> Undefined variable $items
in APPPATH\Views\prodFile\proselect.php on line 15.
 1 APPPATH\Views\prodFile\proselect.php(15): CodeIgniter\Debug\Exceptions->errorHandler(2, 'Undefined variable $items', 'C:\\laragon\\www\\Laboratory3\\app\\Views\\prodFile\\proselect.php', 15)
 2 SYSTEMPATH\View\View.php(226): include('C:\\laragon\\www\\Laboratory3\\app\\Views\\prodFile\\proselect.php')
 3 SYSTEMPATH\View\View.php(229): CodeIgniter\View\View->CodeIgniter\View\{closure}()
 4 SYSTEMPATH\Common.php(1188): CodeIgniter\View\View->render('/prodFile/proselect', [], true)
 5 APPPATH\Views\index.php(7): view('/prodFile/proselect')
 6 SYSTEMPATH\View\View.php(226): include('C:\\laragon\\www\\Laboratory3\\app\\Views\\index.php')
 7 SYSTEMPATH\View\View.php(229): CodeIgniter\View\View->CodeIgniter\View\{closure}()
 8 SYSTEMPATH\Common.php(1188): CodeIgniter\View\View->render('index', [], true)
 9 APPPATH\Controllers\ProductController.php(54): view('index')
10 SYSTEMPATH\CodeIgniter.php(919): App\Controllers\ProductController->login()
11 SYSTEMPATH\CodeIgniter.php(494): CodeIgniter\CodeIgniter->runController(Object(App\Controllers\ProductController))
12 SYSTEMPATH\CodeIgniter.php(353): CodeIgniter\CodeIgniter->handleRequest(null, Object(Config\Cache), false)
13 FCPATH\index.php(79): CodeIgniter\CodeIgniter->run()
14 SYSTEMPATH\Commands\Server\rewrite.php(47): require_once('C:\\laragon\\www\\Laboratory3\\public\\index.php')
CRITICAL - 2023-09-28 11:20:52 --> Undefined variable $items
in APPPATH\Views\prodFile\proselect.php on line 15.
 1 APPPATH\Views\prodFile\proselect.php(15): CodeIgniter\Debug\Exceptions->errorHandler(2, 'Undefined variable $items', 'C:\\laragon\\www\\Laboratory3\\app\\Views\\prodFile\\proselect.php', 15)
 2 SYSTEMPATH\View\View.php(226): include('C:\\laragon\\www\\Laboratory3\\app\\Views\\prodFile\\proselect.php')
 3 SYSTEMPATH\View\View.php(229): CodeIgniter\View\View->CodeIgniter\View\{closure}()
 4 SYSTEMPATH\Common.php(1188): CodeIgniter\View\View->render('/prodFile/proselect', [], true)
 5 APPPATH\Views\index.php(7): view('/prodFile/proselect')
 6 SYSTEMPATH\View\View.php(226): include('C:\\laragon\\www\\Laboratory3\\app\\Views\\index.php')
 7 SYSTEMPATH\View\View.php(229): CodeIgniter\View\View->CodeIgniter\View\{closure}()
 8 SYSTEMPATH\Common.php(1188): CodeIgniter\View\View->render('index', [], true)
 9 APPPATH\Controllers\ProductController.php(54): view('index')
10 SYSTEMPATH\CodeIgniter.php(919): App\Controllers\ProductController->login()
11 SYSTEMPATH\CodeIgniter.php(494): CodeIgniter\CodeIgniter->runController(Object(App\Controllers\ProductController))
12 SYSTEMPATH\CodeIgniter.php(353): CodeIgniter\CodeIgniter->handleRequest(null, Object(Config\Cache), false)
13 FCPATH\index.php(79): CodeIgniter\CodeIgniter->run()
14 SYSTEMPATH\Commands\Server\rewrite.php(47): require_once('C:\\laragon\\www\\Laboratory3\\public\\index.php')
CRITICAL - 2023-09-28 11:21:15 --> Undefined variable $items
in APPPATH\Views\prodFile\proselect.php on line 15.
 1 APPPATH\Views\prodFile\proselect.php(15): CodeIgniter\Debug\Exceptions->errorHandler(2, 'Undefined variable $items', 'C:\\laragon\\www\\Laboratory3\\app\\Views\\prodFile\\proselect.php', 15)
 2 SYSTEMPATH\View\View.php(226): include('C:\\laragon\\www\\Laboratory3\\app\\Views\\prodFile\\proselect.php')
 3 SYSTEMPATH\View\View.php(229): CodeIgniter\View\View->CodeIgniter\View\{closure}()
 4 SYSTEMPATH\Common.php(1188): CodeIgniter\View\View->render('/prodFile/proselect', [], true)
 5 APPPATH\Views\index.php(7): view('/prodFile/proselect')
 6 SYSTEMPATH\View\View.php(226): include('C:\\laragon\\www\\Laboratory3\\app\\Views\\index.php')
 7 SYSTEMPATH\View\View.php(229): CodeIgniter\View\View->CodeIgniter\View\{closure}()
 8 SYSTEMPATH\Common.php(1188): CodeIgniter\View\View->render('index', [], true)
 9 APPPATH\Controllers\ProductController.php(54): view('index')
10 SYSTEMPATH\CodeIgniter.php(919): App\Controllers\ProductController->login()
11 SYSTEMPATH\CodeIgniter.php(494): CodeIgniter\CodeIgniter->runController(Object(App\Controllers\ProductController))
12 SYSTEMPATH\CodeIgniter.php(353): CodeIgniter\CodeIgniter->handleRequest(null, Object(Config\Cache), false)
13 FCPATH\index.php(79): CodeIgniter\CodeIgniter->run()
14 SYSTEMPATH\Commands\Server\rewrite.php(47): require_once('C:\\laragon\\www\\Laboratory3\\public\\index.php')
CRITICAL - 2023-09-28 11:21:16 --> Undefined variable $items
in APPPATH\Views\prodFile\proselect.php on line 15.
 1 APPPATH\Views\prodFile\proselect.php(15): CodeIgniter\Debug\Exceptions->errorHandler(2, 'Undefined variable $items', 'C:\\laragon\\www\\Laboratory3\\app\\Views\\prodFile\\proselect.php', 15)
 2 SYSTEMPATH\View\View.php(226): include('C:\\laragon\\www\\Laboratory3\\app\\Views\\prodFile\\proselect.php')
 3 SYSTEMPATH\View\View.php(229): CodeIgniter\View\View->CodeIgniter\View\{closure}()
 4 SYSTEMPATH\Common.php(1188): CodeIgniter\View\View->render('/prodFile/proselect', [], true)
 5 APPPATH\Views\index.php(7): view('/prodFile/proselect')
 6 SYSTEMPATH\View\View.php(226): include('C:\\laragon\\www\\Laboratory3\\app\\Views\\index.php')
 7 SYSTEMPATH\View\View.php(229): CodeIgniter\View\View->CodeIgniter\View\{closure}()
 8 SYSTEMPATH\Common.php(1188): CodeIgniter\View\View->render('index', [], true)
 9 APPPATH\Controllers\ProductController.php(54): view('index')
10 SYSTEMPATH\CodeIgniter.php(919): App\Controllers\ProductController->login()
11 SYSTEMPATH\CodeIgniter.php(494): CodeIgniter\CodeIgniter->runController(Object(App\Controllers\ProductController))
12 SYSTEMPATH\CodeIgniter.php(353): CodeIgniter\CodeIgniter->handleRequest(null, Object(Config\Cache), false)
13 FCPATH\index.php(79): CodeIgniter\CodeIgniter->run()
14 SYSTEMPATH\Commands\Server\rewrite.php(47): require_once('C:\\laragon\\www\\Laboratory3\\public\\index.php')
CRITICAL - 2023-09-28 11:22:04 --> Undefined variable $items
in APPPATH\Views\prodFile\proselect.php on line 15.
 1 APPPATH\Views\prodFile\proselect.php(15): CodeIgniter\Debug\Exceptions->errorHandler(2, 'Undefined variable $items', 'C:\\laragon\\www\\Laboratory3\\app\\Views\\prodFile\\proselect.php', 15)
 2 SYSTEMPATH\View\View.php(226): include('C:\\laragon\\www\\Laboratory3\\app\\Views\\prodFile\\proselect.php')
 3 SYSTEMPATH\View\View.php(229): CodeIgniter\View\View->CodeIgniter\View\{closure}()
 4 SYSTEMPATH\Common.php(1188): CodeIgniter\View\View->render('/prodFile/proselect', [], true)
 5 APPPATH\Views\index.php(7): view('/prodFile/proselect')
 6 SYSTEMPATH\View\View.php(226): include('C:\\laragon\\www\\Laboratory3\\app\\Views\\index.php')
 7 SYSTEMPATH\View\View.php(229): CodeIgniter\View\View->CodeIgniter\View\{closure}()
 8 SYSTEMPATH\Common.php(1188): CodeIgniter\View\View->render('index', [], true)
 9 APPPATH\Controllers\ProductController.php(54): view('index')
10 SYSTEMPATH\CodeIgniter.php(919): App\Controllers\ProductController->login()
11 SYSTEMPATH\CodeIgniter.php(494): CodeIgniter\CodeIgniter->runController(Object(App\Controllers\ProductController))
12 SYSTEMPATH\CodeIgniter.php(353): CodeIgniter\CodeIgniter->handleRequest(null, Object(Config\Cache), false)
13 FCPATH\index.php(79): CodeIgniter\CodeIgniter->run()
14 SYSTEMPATH\Commands\Server\rewrite.php(47): require_once('C:\\laragon\\www\\Laboratory3\\public\\index.php')
CRITICAL - 2023-09-28 11:22:10 --> Undefined variable $items
in APPPATH\Views\prodFile\proselect.php on line 15.
 1 APPPATH\Views\prodFile\proselect.php(15): CodeIgniter\Debug\Exceptions->errorHandler(2, 'Undefined variable $items', 'C:\\laragon\\www\\Laboratory3\\app\\Views\\prodFile\\proselect.php', 15)
 2 SYSTEMPATH\View\View.php(226): include('C:\\laragon\\www\\Laboratory3\\app\\Views\\prodFile\\proselect.php')
 3 SYSTEMPATH\View\View.php(229): CodeIgniter\View\View->CodeIgniter\View\{closure}()
 4 SYSTEMPATH\Common.php(1188): CodeIgniter\View\View->render('/prodFile/proselect', [], true)
 5 APPPATH\Views\index.php(7): view('/prodFile/proselect')
 6 SYSTEMPATH\View\View.php(226): include('C:\\laragon\\www\\Laboratory3\\app\\Views\\index.php')
 7 SYSTEMPATH\View\View.php(229): CodeIgniter\View\View->CodeIgniter\View\{closure}()
 8 SYSTEMPATH\Common.php(1188): CodeIgniter\View\View->render('index', [], true)
 9 APPPATH\Controllers\ProductController.php(54): view('index')
10 SYSTEMPATH\CodeIgniter.php(919): App\Controllers\ProductController->login()
11 SYSTEMPATH\CodeIgniter.php(494): CodeIgniter\CodeIgniter->runController(Object(App\Controllers\ProductController))
12 SYSTEMPATH\CodeIgniter.php(353): CodeIgniter\CodeIgniter->handleRequest(null, Object(Config\Cache), false)
13 FCPATH\index.php(79): CodeIgniter\CodeIgniter->run()
14 SYSTEMPATH\Commands\Server\rewrite.php(47): require_once('C:\\laragon\\www\\Laboratory3\\public\\index.php')
CRITICAL - 2023-09-28 11:25:45 --> syntax error, unexpected end of file, expecting "elseif" or "else" or "endif"
in APPPATH\Views\prodFile\proselect.php on line 53.
 1 SYSTEMPATH\View\View.php(229): CodeIgniter\View\View->CodeIgniter\View\{closure}()
 2 SYSTEMPATH\Common.php(1188): CodeIgniter\View\View->render('/prodFile/proselect', [], true)
 3 APPPATH\Views\index.php(7): view('/prodFile/proselect')
 4 SYSTEMPATH\View\View.php(226): include('C:\\laragon\\www\\Laboratory3\\app\\Views\\index.php')
 5 SYSTEMPATH\View\View.php(229): CodeIgniter\View\View->CodeIgniter\View\{closure}()
 6 SYSTEMPATH\Common.php(1188): CodeIgniter\View\View->render('index', [], true)
 7 APPPATH\Controllers\ProductController.php(54): view('index')
 8 SYSTEMPATH\CodeIgniter.php(919): App\Controllers\ProductController->login()
 9 SYSTEMPATH\CodeIgniter.php(494): CodeIgniter\CodeIgniter->runController(Object(App\Controllers\ProductController))
10 SYSTEMPATH\CodeIgniter.php(353): CodeIgniter\CodeIgniter->handleRequest(null, Object(Config\Cache), false)
11 FCPATH\index.php(79): CodeIgniter\CodeIgniter->run()
12 SYSTEMPATH\Commands\Server\rewrite.php(47): require_once('C:\\laragon\\www\\Laboratory3\\public\\index.php')
CRITICAL - 2023-09-28 11:26:51 --> Undefined variable $items
in APPPATH\Views\prodFile\proselect.php on line 15.
 1 APPPATH\Views\prodFile\proselect.php(15): CodeIgniter\Debug\Exceptions->errorHandler(2, 'Undefined variable $items', 'C:\\laragon\\www\\Laboratory3\\app\\Views\\prodFile\\proselect.php', 15)
 2 SYSTEMPATH\View\View.php(226): include('C:\\laragon\\www\\Laboratory3\\app\\Views\\prodFile\\proselect.php')
 3 SYSTEMPATH\View\View.php(229): CodeIgniter\View\View->CodeIgniter\View\{closure}()
 4 SYSTEMPATH\Common.php(1188): CodeIgniter\View\View->render('/prodFile/proselect', [], true)
 5 APPPATH\Views\index.php(7): view('/prodFile/proselect')
 6 SYSTEMPATH\View\View.php(226): include('C:\\laragon\\www\\Laboratory3\\app\\Views\\index.php')
 7 SYSTEMPATH\View\View.php(229): CodeIgniter\View\View->CodeIgniter\View\{closure}()
 8 SYSTEMPATH\Common.php(1188): CodeIgniter\View\View->render('index', [], true)
 9 APPPATH\Controllers\ProductController.php(54): view('index')
10 SYSTEMPATH\CodeIgniter.php(919): App\Controllers\ProductController->login()
11 SYSTEMPATH\CodeIgniter.php(494): CodeIgniter\CodeIgniter->runController(Object(App\Controllers\ProductController))
12 SYSTEMPATH\CodeIgniter.php(353): CodeIgniter\CodeIgniter->handleRequest(null, Object(Config\Cache), false)
13 FCPATH\index.php(79): CodeIgniter\CodeIgniter->run()
14 SYSTEMPATH\Commands\Server\rewrite.php(47): require_once('C:\\laragon\\www\\Laboratory3\\public\\index.php')
CRITICAL - 2023-09-28 11:26:59 --> Undefined variable $items
in APPPATH\Views\prodFile\proselect.php on line 15.
 1 APPPATH\Views\prodFile\proselect.php(15): CodeIgniter\Debug\Exceptions->errorHandler(2, 'Undefined variable $items', 'C:\\laragon\\www\\Laboratory3\\app\\Views\\prodFile\\proselect.php', 15)
 2 SYSTEMPATH\View\View.php(226): include('C:\\laragon\\www\\Laboratory3\\app\\Views\\prodFile\\proselect.php')
 3 SYSTEMPATH\View\View.php(229): CodeIgniter\View\View->CodeIgniter\View\{closure}()
 4 SYSTEMPATH\Common.php(1188): CodeIgniter\View\View->render('/prodFile/proselect', [], true)
 5 APPPATH\Views\index.php(7): view('/prodFile/proselect')
 6 SYSTEMPATH\View\View.php(226): include('C:\\laragon\\www\\Laboratory3\\app\\Views\\index.php')
 7 SYSTEMPATH\View\View.php(229): CodeIgniter\View\View->CodeIgniter\View\{closure}()
 8 SYSTEMPATH\Common.php(1188): CodeIgniter\View\View->render('index', [], true)
 9 APPPATH\Controllers\ProductController.php(54): view('index')
10 SYSTEMPATH\CodeIgniter.php(919): App\Controllers\ProductController->login()
11 SYSTEMPATH\CodeIgniter.php(494): CodeIgniter\CodeIgniter->runController(Object(App\Controllers\ProductController))
12 SYSTEMPATH\CodeIgniter.php(353): CodeIgniter\CodeIgniter->handleRequest(null, Object(Config\Cache), false)
13 FCPATH\index.php(79): CodeIgniter\CodeIgniter->run()
14 SYSTEMPATH\Commands\Server\rewrite.php(47): require_once('C:\\laragon\\www\\Laboratory3\\public\\index.php')
